<?xml version="1.0" encoding="UTF-8"?>
<!-- Generated by org.testng.reporters.JUnitReportReporter -->
<testsuite skipped="0" hostname="Monikas-MacBook-Air.local" name="ApiTesting.paytmInsider.csv" tests="1" failures="0" timestamp="2020-07-23T08:45:53 IST" time="3.266" errors="0">
  <testcase name="iscontentzero" time="3.266" classname="ApiTesting.paytmInsider.csv"/>
  <system-out/>
</testsuite> <!-- ApiTesting.paytmInsider.csv -->
