<?xml version="1.0" encoding="UTF-8"?>
<!-- Generated by org.testng.reporters.JUnitReportReporter -->
<testsuite skipped="0" hostname="Monikas-MacBook-Air.local" name="ApiTesting.paytmInsider.date" tests="1" failures="0" timestamp="2020-05-03T12:31:32 IST" time="2.934" errors="0">
  <testcase name="getresponse" time="2.934" classname="ApiTesting.paytmInsider.date"/>
  <system-out/>
</testsuite> <!-- ApiTesting.paytmInsider.date -->
