<?xml version="1.0" encoding="UTF-8"?>
<!-- Generated by org.testng.reporters.JUnitReportReporter -->
<testsuite skipped="0" hostname="Monikas-MacBook-Air.local" name="ApiTesting.paytmInsider.Apitesting" tests="1" failures="0" timestamp="2020-05-03T14:20:12 IST" time="3.281" errors="0">
  <testcase name="getresponse" time="3.281" classname="ApiTesting.paytmInsider.Apitesting"/>
  <system-out/>
</testsuite> <!-- ApiTesting.paytmInsider.Apitesting -->
